This file contains any messages produced by compilers while
running configure, to aid debugging if configure makes a mistake.

It was created by TCPR configure 1.0, which was
generated by GNU Autoconf 2.68.  Invocation command line was

  $ ../tcpr/configure 

## --------- ##
## Platform. ##
## --------- ##

hostname = ubuntu
uname -m = x86_64
uname -r = 3.5.0-23-generic
uname -s = Linux
uname -v = #35~precise1-Ubuntu SMP Fri Jan 25 17:13:26 UTC 2013

/usr/bin/uname -p = unknown
/bin/uname -X     = unknown

/bin/arch              = unknown
/usr/bin/arch -k       = unknown
/usr/convex/getsysinfo = unknown
/usr/bin/hostinfo      = unknown
/bin/machine           = unknown
/usr/bin/oslevel       = unknown
/bin/universe          = unknown

PATH: /usr/lib/lightdm/lightdm
PATH: /usr/local/sbin
PATH: /usr/local/bin
PATH: /usr/sbin
PATH: /usr/bin
PATH: /sbin
PATH: /bin
PATH: /usr/games


## ----------- ##
## Core tests. ##
## ----------- ##

configure:2141: checking for a BSD-compatible install
configure:2209: result: /usr/bin/install -c
configure:2220: checking whether build environment is sane
configure:2270: result: yes
configure:2411: checking for a thread-safe mkdir -p
configure:2450: result: /bin/mkdir -p
configure:2463: checking for gawk
configure:2493: result: no
configure:2463: checking for mawk
configure:2479: found /usr/bin/mawk
configure:2490: result: mawk
configure:2501: checking whether make sets $(MAKE)
configure:2523: result: yes
configure:2616: checking whether make supports nested variables
configure:2633: result: yes
configure:2693: checking for gcc
configure:2709: found /usr/bin/gcc
configure:2720: result: gcc
configure:2949: checking for C compiler version
configure:2958: gcc --version >&5
gcc (Ubuntu/Linaro 4.7.3-2ubuntu1~12.04) 4.7.3
Copyright (C) 2012 Free Software Foundation, Inc.
This is free software; see the source for copying conditions.  There is NO
warranty; not even for MERCHANTABILITY or FITNESS FOR A PARTICULAR PURPOSE.

configure:2969: $? = 0
configure:2958: gcc -v >&5
Using built-in specs.
COLLECT_GCC=gcc
COLLECT_LTO_WRAPPER=/usr/lib/gcc/x86_64-linux-gnu/4.7/lto-wrapper
Target: x86_64-linux-gnu
Configured with: ../src/configure -v --with-pkgversion='Ubuntu/Linaro 4.7.3-2ubuntu1~12.04' --with-bugurl=file:///usr/share/doc/gcc-4.7/README.Bugs --enable-languages=c,c++,go,fortran,objc,obj-c++ --prefix=/usr --program-suffix=-4.7 --enable-shared --enable-linker-build-id --libexecdir=/usr/lib --without-included-gettext --enable-threads=posix --with-gxx-include-dir=/usr/include/c++/4.7 --libdir=/usr/lib --enable-nls --with-sysroot=/ --enable-clocale=gnu --enable-libstdcxx-debug --enable-libstdcxx-time=yes --enable-gnu-unique-object --enable-plugin --with-system-zlib --enable-objc-gc --enable-multiarch --disable-werror --with-arch-32=i686 --with-abi=m64 --with-multilib-list=m32,m64 --with-tune=generic --enable-checking=release --build=x86_64-linux-gnu --host=x86_64-linux-gnu --target=x86_64-linux-gnu
Thread model: posix
gcc version 4.7.3 (Ubuntu/Linaro 4.7.3-2ubuntu1~12.04) 
configure:2969: $? = 0
configure:2958: gcc -V >&5
gcc: error: unrecognized command line option '-V'
gcc: fatal error: no input files
compilation terminated.
configure:2969: $? = 4
configure:2958: gcc -qversion >&5
gcc: error: unrecognized command line option '-qversion'
gcc: fatal error: no input files
compilation terminated.
configure:2969: $? = 4
configure:2989: checking whether the C compiler works
configure:3011: gcc    conftest.c  >&5
configure:3015: $? = 0
configure:3063: result: yes
configure:3066: checking for C compiler default output file name
configure:3068: result: a.out
configure:3074: checking for suffix of executables
configure:3081: gcc -o conftest    conftest.c  >&5
configure:3085: $? = 0
configure:3107: result: 
configure:3129: checking whether we are cross compiling
configure:3137: gcc -o conftest    conftest.c  >&5
configure:3141: $? = 0
configure:3148: ./conftest
configure:3152: $? = 0
configure:3167: result: no
configure:3172: checking for suffix of object files
configure:3194: gcc -c   conftest.c >&5
configure:3198: $? = 0
configure:3219: result: o
configure:3223: checking whether we are using the GNU C compiler
configure:3242: gcc -c   conftest.c >&5
configure:3242: $? = 0
configure:3251: result: yes
configure:3260: checking whether gcc accepts -g
configure:3280: gcc -c -g  conftest.c >&5
configure:3280: $? = 0
configure:3321: result: yes
configure:3338: checking for gcc option to accept ISO C89
configure:3402: gcc  -c -g -O2  conftest.c >&5
configure:3402: $? = 0
configure:3415: result: none needed
configure:3446: checking for style of include used by make
configure:3474: result: GNU
configure:3500: checking dependency style of gcc
configure:3611: result: gcc3
configure:3655: checking build system type
configure:3669: result: x86_64-unknown-linux-gnu
configure:3689: checking host system type
configure:3702: result: x86_64-unknown-linux-gnu
configure:3743: checking how to print strings
configure:3770: result: printf
configure:3791: checking for a sed that does not truncate output
configure:3855: result: /bin/sed
configure:3873: checking for grep that handles long lines and -e
configure:3931: result: /bin/grep
configure:3936: checking for egrep
configure:3998: result: /bin/grep -E
configure:4003: checking for fgrep
configure:4065: result: /bin/grep -F
configure:4100: checking for ld used by gcc
configure:4167: result: /usr/bin/ld
configure:4174: checking if the linker (/usr/bin/ld) is GNU ld
configure:4189: result: yes
configure:4201: checking for BSD- or MS-compatible name lister (nm)
configure:4250: result: /usr/bin/nm -B
configure:4380: checking the name lister (/usr/bin/nm -B) interface
configure:4387: gcc -c -g -O2  conftest.c >&5
configure:4390: /usr/bin/nm -B "conftest.o"
configure:4393: output
0000000000000000 B some_variable
configure:4400: result: BSD nm
configure:4403: checking whether ln -s works
configure:4407: result: yes
configure:4415: checking the maximum length of command line arguments
configure:4545: result: 1572864
configure:4562: checking whether the shell understands some XSI constructs
configure:4572: result: yes
configure:4576: checking whether the shell understands "+="
configure:4582: result: yes
configure:4617: checking how to convert x86_64-unknown-linux-gnu file names to x86_64-unknown-linux-gnu format
configure:4657: result: func_convert_file_noop
configure:4664: checking how to convert x86_64-unknown-linux-gnu file names to toolchain format
configure:4684: result: func_convert_file_noop
configure:4691: checking for /usr/bin/ld option to reload object files
configure:4698: result: -r
configure:4772: checking for objdump
configure:4788: found /usr/bin/objdump
configure:4799: result: objdump
configure:4831: checking how to recognize dependent libraries
configure:5033: result: pass_all
configure:5118: checking for dlltool
configure:5148: result: no
configure:5178: checking how to associate runtime and link libraries
configure:5205: result: printf %s\n
configure:5266: checking for ar
configure:5282: found /usr/bin/ar
configure:5293: result: ar
configure:5330: checking for archiver @FILE support
configure:5347: gcc -c -g -O2  conftest.c >&5
configure:5347: $? = 0
configure:5350: ar cru libconftest.a @conftest.lst >&5
configure:5353: $? = 0
configure:5358: ar cru libconftest.a @conftest.lst >&5
ar: conftest.o: No such file or directory
configure:5361: $? = 1
configure:5373: result: @
configure:5431: checking for strip
configure:5447: found /usr/bin/strip
configure:5458: result: strip
configure:5530: checking for ranlib
configure:5546: found /usr/bin/ranlib
configure:5557: result: ranlib
configure:5659: checking command to parse /usr/bin/nm -B output from gcc object
configure:5779: gcc -c -g -O2  conftest.c >&5
configure:5782: $? = 0
configure:5786: /usr/bin/nm -B conftest.o \| sed -n -e 's/^.*[ ]\([ABCDGIRSTW][ABCDGIRSTW]*\)[ ][ ]*\([_A-Za-z][_A-Za-z0-9]*\)$/\1 \2 \2/p' | sed '/ __gnu_lto/d' \> conftest.nm
configure:5789: $? = 0
configure:5855: gcc -o conftest -g -O2   conftest.c conftstm.o >&5
configure:5858: $? = 0
configure:5896: result: ok
configure:5933: checking for sysroot
configure:5963: result: no
configure:6040: gcc -c -g -O2  conftest.c >&5
configure:6043: $? = 0
configure:6219: checking for mt
configure:6235: found /bin/mt
configure:6246: result: mt
configure:6269: checking if mt is a manifest tool
configure:6275: mt '-?'
configure:6283: result: no
configure:6925: checking how to run the C preprocessor
configure:6956: gcc -E  conftest.c
configure:6956: $? = 0
configure:6970: gcc -E  conftest.c
conftest.c:11:28: fatal error: ac_nonexistent.h: No such file or directory
compilation terminated.
configure:6970: $? = 1
configure: failed program was:
| /* confdefs.h */
| #define PACKAGE_NAME "TCPR"
| #define PACKAGE_TARNAME "tcpr"
| #define PACKAGE_VERSION "1.0"
| #define PACKAGE_STRING "TCPR 1.0"
| #define PACKAGE_BUGREPORT "Robert Surton <burgess@cs.cornell.edu>"
| #define PACKAGE_URL ""
| #define PACKAGE "tcpr"
| #define VERSION "1.0"
| /* end confdefs.h.  */
| #include <ac_nonexistent.h>
configure:6995: result: gcc -E
configure:7015: gcc -E  conftest.c
configure:7015: $? = 0
configure:7029: gcc -E  conftest.c
conftest.c:11:28: fatal error: ac_nonexistent.h: No such file or directory
compilation terminated.
configure:7029: $? = 1
configure: failed program was:
| /* confdefs.h */
| #define PACKAGE_NAME "TCPR"
| #define PACKAGE_TARNAME "tcpr"
| #define PACKAGE_VERSION "1.0"
| #define PACKAGE_STRING "TCPR 1.0"
| #define PACKAGE_BUGREPORT "Robert Surton <burgess@cs.cornell.edu>"
| #define PACKAGE_URL ""
| #define PACKAGE "tcpr"
| #define VERSION "1.0"
| /* end confdefs.h.  */
| #include <ac_nonexistent.h>
configure:7058: checking for ANSI C header files
configure:7078: gcc -c -g -O2  conftest.c >&5
configure:7078: $? = 0
configure:7151: gcc -o conftest -g -O2   conftest.c  >&5
configure:7151: $? = 0
configure:7151: ./conftest
configure:7151: $? = 0
configure:7162: result: yes
configure:7175: checking for sys/types.h
configure:7175: gcc -c -g -O2  conftest.c >&5
configure:7175: $? = 0
configure:7175: result: yes
configure:7175: checking for sys/stat.h
configure:7175: gcc -c -g -O2  conftest.c >&5
configure:7175: $? = 0
configure:7175: result: yes
configure:7175: checking for stdlib.h
configure:7175: gcc -c -g -O2  conftest.c >&5
configure:7175: $? = 0
configure:7175: result: yes
configure:7175: checking for string.h
configure:7175: gcc -c -g -O2  conftest.c >&5
configure:7175: $? = 0
configure:7175: result: yes
configure:7175: checking for memory.h
configure:7175: gcc -c -g -O2  conftest.c >&5
configure:7175: $? = 0
configure:7175: result: yes
configure:7175: checking for strings.h
configure:7175: gcc -c -g -O2  conftest.c >&5
configure:7175: $? = 0
configure:7175: result: yes
configure:7175: checking for inttypes.h
configure:7175: gcc -c -g -O2  conftest.c >&5
configure:7175: $? = 0
configure:7175: result: yes
configure:7175: checking for stdint.h
configure:7175: gcc -c -g -O2  conftest.c >&5
configure:7175: $? = 0
configure:7175: result: yes
configure:7175: checking for unistd.h
configure:7175: gcc -c -g -O2  conftest.c >&5
configure:7175: $? = 0
configure:7175: result: yes
configure:7189: checking for dlfcn.h
configure:7189: gcc -c -g -O2  conftest.c >&5
configure:7189: $? = 0
configure:7189: result: yes
configure:7395: checking for objdir
configure:7410: result: .libs
configure:7677: checking if gcc supports -fno-rtti -fno-exceptions
configure:7695: gcc -c -g -O2  -fno-rtti -fno-exceptions conftest.c >&5
cc1: warning: command line option '-fno-rtti' is valid for C++/ObjC++ but not for C [enabled by default]
configure:7699: $? = 0
configure:7712: result: no
configure:8039: checking for gcc option to produce PIC
configure:8046: result: -fPIC -DPIC
configure:8054: checking if gcc PIC flag -fPIC -DPIC works
configure:8072: gcc -c -g -O2  -fPIC -DPIC -DPIC conftest.c >&5
configure:8076: $? = 0
configure:8089: result: yes
configure:8118: checking if gcc static flag -static works
configure:8146: result: yes
configure:8161: checking if gcc supports -c -o file.o
configure:8182: gcc -c -g -O2  -o out/conftest2.o conftest.c >&5
configure:8186: $? = 0
configure:8208: result: yes
configure:8216: checking if gcc supports -c -o file.o
configure:8263: result: yes
configure:8296: checking whether the gcc linker (/usr/bin/ld -m elf_x86_64) supports shared libraries
configure:9453: result: yes
configure:9490: checking whether -lc should be explicitly linked in
configure:9498: gcc -c -g -O2  conftest.c >&5
configure:9501: $? = 0
configure:9516: gcc -shared  -fPIC -DPIC conftest.o  -v -Wl,-soname -Wl,conftest -o conftest 2\>\&1 \| /bin/grep  -lc  \>/dev/null 2\>\&1
configure:9519: $? = 0
configure:9533: result: no
configure:9693: checking dynamic linker characteristics
configure:10204: gcc -o conftest -g -O2   -Wl,-rpath -Wl,/foo conftest.c  >&5
configure:10204: $? = 0
configure:10438: result: GNU/Linux ld.so
configure:10545: checking how to hardcode library paths into programs
configure:10570: result: immediate
configure:11110: checking whether stripping libraries is possible
configure:11115: result: yes
configure:11150: checking if libtool supports shared libraries
configure:11152: result: yes
configure:11155: checking whether to build shared libraries
configure:11176: result: yes
configure:11179: checking whether to build static libraries
configure:11183: result: yes
configure:11221: checking whether gcc and cc understand -c and -o together
configure:11252: gcc -c conftest.c -o conftest2.o >&5
configure:11256: $? = 0
configure:11262: gcc -c conftest.c -o conftest2.o >&5
configure:11266: $? = 0
configure:11277: cc -c conftest.c >&5
configure:11281: $? = 0
configure:11289: cc -c conftest.c -o conftest2.o >&5
configure:11293: $? = 0
configure:11299: cc -c conftest.c -o conftest2.o >&5
configure:11303: $? = 0
configure:11321: result: yes
configure:11347: checking for library containing xtables_register_target
configure:11378: gcc -o conftest -g -O2   conftest.c  >&5
/tmp/cclHBy95.o: In function `main':
/home/herat/Downloads/tcpr-build/conftest.c:34: undefined reference to `xtables_register_target'
collect2: error: ld returned 1 exit status
configure:11378: $? = 1
configure: failed program was:
| /* confdefs.h */
| #define PACKAGE_NAME "TCPR"
| #define PACKAGE_TARNAME "tcpr"
| #define PACKAGE_VERSION "1.0"
| #define PACKAGE_STRING "TCPR 1.0"
| #define PACKAGE_BUGREPORT "Robert Surton <burgess@cs.cornell.edu>"
| #define PACKAGE_URL ""
| #define PACKAGE "tcpr"
| #define VERSION "1.0"
| #define STDC_HEADERS 1
| #define HAVE_SYS_TYPES_H 1
| #define HAVE_SYS_STAT_H 1
| #define HAVE_STDLIB_H 1
| #define HAVE_STRING_H 1
| #define HAVE_MEMORY_H 1
| #define HAVE_STRINGS_H 1
| #define HAVE_INTTYPES_H 1
| #define HAVE_STDINT_H 1
| #define HAVE_UNISTD_H 1
| #define HAVE_DLFCN_H 1
| #define LT_OBJDIR ".libs/"
| /* end confdefs.h.  */
| 
| /* Override any GCC internal prototype to avoid an error.
|    Use char because int might match the return type of a GCC
|    builtin and then its argument prototype would still apply.  */
| #ifdef __cplusplus
| extern "C"
| #endif
| char xtables_register_target ();
| int
| main ()
| {
| return xtables_register_target ();
|   ;
|   return 0;
| }
configure:11378: gcc -o conftest -g -O2   conftest.c -lxtables   >&5
configure:11378: $? = 0
configure:11395: result: -lxtables
configure:11406: checking for library containing clock_gettime
configure:11437: gcc -o conftest -g -O2   conftest.c -lxtables  >&5
/tmp/ccH6wAfh.o: In function `main':
/home/herat/Downloads/tcpr-build/conftest.c:34: undefined reference to `clock_gettime'
collect2: error: ld returned 1 exit status
configure:11437: $? = 1
configure: failed program was:
| /* confdefs.h */
| #define PACKAGE_NAME "TCPR"
| #define PACKAGE_TARNAME "tcpr"
| #define PACKAGE_VERSION "1.0"
| #define PACKAGE_STRING "TCPR 1.0"
| #define PACKAGE_BUGREPORT "Robert Surton <burgess@cs.cornell.edu>"
| #define PACKAGE_URL ""
| #define PACKAGE "tcpr"
| #define VERSION "1.0"
| #define STDC_HEADERS 1
| #define HAVE_SYS_TYPES_H 1
| #define HAVE_SYS_STAT_H 1
| #define HAVE_STDLIB_H 1
| #define HAVE_STRING_H 1
| #define HAVE_MEMORY_H 1
| #define HAVE_STRINGS_H 1
| #define HAVE_INTTYPES_H 1
| #define HAVE_STDINT_H 1
| #define HAVE_UNISTD_H 1
| #define HAVE_DLFCN_H 1
| #define LT_OBJDIR ".libs/"
| /* end confdefs.h.  */
| 
| /* Override any GCC internal prototype to avoid an error.
|    Use char because int might match the return type of a GCC
|    builtin and then its argument prototype would still apply.  */
| #ifdef __cplusplus
| extern "C"
| #endif
| char clock_gettime ();
| int
| main ()
| {
| return clock_gettime ();
|   ;
|   return 0;
| }
configure:11437: gcc -o conftest -g -O2   conftest.c -lrt  -lxtables  >&5
configure:11437: $? = 0
configure:11454: result: -lrt
configure:11599: creating ./config.status

## ---------------------- ##
## Running config.status. ##
## ---------------------- ##

This file was extended by TCPR config.status 1.0, which was
generated by GNU Autoconf 2.68.  Invocation command line was

  CONFIG_FILES    = 
  CONFIG_HEADERS  = 
  CONFIG_LINKS    = 
  CONFIG_COMMANDS = 
  $ ./config.status 

on ubuntu

config.status:1092: creating Makefile
config.status:1092: creating config.h
config.status:1306: executing depfiles commands
config.status:1306: executing libtool commands

## ---------------- ##
## Cache variables. ##
## ---------------- ##

ac_cv_build=x86_64-unknown-linux-gnu
ac_cv_c_compiler_gnu=yes
ac_cv_env_CC_set=
ac_cv_env_CC_value=
ac_cv_env_CFLAGS_set=
ac_cv_env_CFLAGS_value=
ac_cv_env_CPPFLAGS_set=
ac_cv_env_CPPFLAGS_value=
ac_cv_env_CPP_set=
ac_cv_env_CPP_value=
ac_cv_env_LDFLAGS_set=
ac_cv_env_LDFLAGS_value=
ac_cv_env_LIBS_set=
ac_cv_env_LIBS_value=
ac_cv_env_build_alias_set=
ac_cv_env_build_alias_value=
ac_cv_env_host_alias_set=
ac_cv_env_host_alias_value=
ac_cv_env_target_alias_set=
ac_cv_env_target_alias_value=
ac_cv_header_dlfcn_h=yes
ac_cv_header_inttypes_h=yes
ac_cv_header_memory_h=yes
ac_cv_header_stdc=yes
ac_cv_header_stdint_h=yes
ac_cv_header_stdlib_h=yes
ac_cv_header_string_h=yes
ac_cv_header_strings_h=yes
ac_cv_header_sys_stat_h=yes
ac_cv_header_sys_types_h=yes
ac_cv_header_unistd_h=yes
ac_cv_host=x86_64-unknown-linux-gnu
ac_cv_objext=o
ac_cv_path_EGREP='/bin/grep -E'
ac_cv_path_FGREP='/bin/grep -F'
ac_cv_path_GREP=/bin/grep
ac_cv_path_SED=/bin/sed
ac_cv_path_install='/usr/bin/install -c'
ac_cv_path_mkdir=/bin/mkdir
ac_cv_prog_AWK=mawk
ac_cv_prog_CPP='gcc -E'
ac_cv_prog_ac_ct_AR=ar
ac_cv_prog_ac_ct_CC=gcc
ac_cv_prog_ac_ct_MANIFEST_TOOL=mt
ac_cv_prog_ac_ct_OBJDUMP=objdump
ac_cv_prog_ac_ct_RANLIB=ranlib
ac_cv_prog_ac_ct_STRIP=strip
ac_cv_prog_cc_c89=
ac_cv_prog_cc_g=yes
ac_cv_prog_cc_gcc_c_o=yes
ac_cv_prog_make_make_set=yes
ac_cv_search_clock_gettime=-lrt
ac_cv_search_xtables_register_target=-lxtables
am_cv_CC_dependencies_compiler_type=gcc3
am_cv_make_support_nested_variables=yes
lt_cv_ar_at_file=@
lt_cv_archive_cmds_need_lc=no
lt_cv_deplibs_check_method=pass_all
lt_cv_file_magic_cmd='$MAGIC_CMD'
lt_cv_file_magic_test_file=
lt_cv_ld_reload_flag=-r
lt_cv_nm_interface='BSD nm'
lt_cv_objdir=.libs
lt_cv_path_LD=/usr/bin/ld
lt_cv_path_NM='/usr/bin/nm -B'
lt_cv_path_mainfest_tool=no
lt_cv_prog_compiler_c_o=yes
lt_cv_prog_compiler_pic='-fPIC -DPIC'
lt_cv_prog_compiler_pic_works=yes
lt_cv_prog_compiler_rtti_exceptions=no
lt_cv_prog_compiler_static_works=yes
lt_cv_prog_gnu_ld=yes
lt_cv_sharedlib_from_linklib_cmd='printf %s\n'
lt_cv_shlibpath_overrides_runpath=no
lt_cv_sys_global_symbol_pipe='sed -n -e '\''s/^.*[	 ]\([ABCDGIRSTW][ABCDGIRSTW]*\)[	 ][	 ]*\([_A-Za-z][_A-Za-z0-9]*\)$/\1 \2 \2/p'\'' | sed '\''/ __gnu_lto/d'\'''
lt_cv_sys_global_symbol_to_c_name_address='sed -n -e '\''s/^: \([^ ]*\)[ ]*$/  {\"\1\", (void *) 0},/p'\'' -e '\''s/^[ABCDGIRSTW]* \([^ ]*\) \([^ ]*\)$/  {"\2", (void *) \&\2},/p'\'''
lt_cv_sys_global_symbol_to_c_name_address_lib_prefix='sed -n -e '\''s/^: \([^ ]*\)[ ]*$/  {\"\1\", (void *) 0},/p'\'' -e '\''s/^[ABCDGIRSTW]* \([^ ]*\) \(lib[^ ]*\)$/  {"\2", (void *) \&\2},/p'\'' -e '\''s/^[ABCDGIRSTW]* \([^ ]*\) \([^ ]*\)$/  {"lib\2", (void *) \&\2},/p'\'''
lt_cv_sys_global_symbol_to_cdecl='sed -n -e '\''s/^T .* \(.*\)$/extern int \1();/p'\'' -e '\''s/^[ABCDGIRSTW]* .* \(.*\)$/extern char \1;/p'\'''
lt_cv_sys_max_cmd_len=1572864
lt_cv_to_host_file_cmd=func_convert_file_noop
lt_cv_to_tool_file_cmd=func_convert_file_noop

## ----------------- ##
## Output variables. ##
## ----------------- ##

ACLOCAL='${SHELL} /home/herat/Downloads/tcpr/build-aux/missing --run aclocal-1.11'
AMDEPBACKSLASH='\'
AMDEP_FALSE='#'
AMDEP_TRUE=''
AMTAR='$${TAR-tar}'
AM_BACKSLASH='\'
AM_DEFAULT_V='$(AM_DEFAULT_VERBOSITY)'
AM_DEFAULT_VERBOSITY='0'
AM_V='$(V)'
AR='ar'
AUTOCONF='${SHELL} /home/herat/Downloads/tcpr/build-aux/missing --run autoconf'
AUTOHEADER='${SHELL} /home/herat/Downloads/tcpr/build-aux/missing --run autoheader'
AUTOMAKE='${SHELL} /home/herat/Downloads/tcpr/build-aux/missing --run automake-1.11'
AWK='mawk'
CC='gcc'
CCDEPMODE='depmode=gcc3'
CFLAGS='-g -O2'
CPP='gcc -E'
CPPFLAGS=''
CYGPATH_W='echo'
DEFS='-DHAVE_CONFIG_H'
DEPDIR='.deps'
DLLTOOL='false'
DSYMUTIL=''
DUMPBIN=''
ECHO_C=''
ECHO_N='-n'
ECHO_T=''
EGREP='/bin/grep -E'
EXEEXT=''
FGREP='/bin/grep -F'
GREP='/bin/grep'
INSTALL_DATA='${INSTALL} -m 644'
INSTALL_PROGRAM='${INSTALL}'
INSTALL_SCRIPT='${INSTALL}'
INSTALL_STRIP_PROGRAM='$(install_sh) -c -s'
LD='/usr/bin/ld -m elf_x86_64'
LDFLAGS=''
LIBOBJS=''
LIBS='-lrt -lxtables '
LIBTOOL='$(SHELL) $(top_builddir)/libtool'
LIPO=''
LN_S='ln -s'
LTLIBOBJS=''
MAKEINFO='${SHELL} /home/herat/Downloads/tcpr/build-aux/missing --run makeinfo'
MANIFEST_TOOL=':'
MKDIR_P='/bin/mkdir -p'
NM='/usr/bin/nm -B'
NMEDIT=''
OBJDUMP='objdump'
OBJEXT='o'
OTOOL64=''
OTOOL=''
PACKAGE='tcpr'
PACKAGE_BUGREPORT='Robert Surton <burgess@cs.cornell.edu>'
PACKAGE_NAME='TCPR'
PACKAGE_STRING='TCPR 1.0'
PACKAGE_TARNAME='tcpr'
PACKAGE_URL=''
PACKAGE_VERSION='1.0'
PATH_SEPARATOR=':'
RANLIB='ranlib'
SED='/bin/sed'
SET_MAKE=''
SHELL='/bin/bash'
STRIP='strip'
VERSION='1.0'
ac_ct_AR='ar'
ac_ct_CC='gcc'
ac_ct_DUMPBIN=''
am__EXEEXT_FALSE=''
am__EXEEXT_TRUE='#'
am__fastdepCC_FALSE='#'
am__fastdepCC_TRUE=''
am__include='include'
am__isrc=' -I$(srcdir)'
am__leading_dot='.'
am__nodep='_no'
am__quote=''
am__tar='$${TAR-tar} chof - "$$tardir"'
am__untar='$${TAR-tar} xf -'
bindir='${exec_prefix}/bin'
build='x86_64-unknown-linux-gnu'
build_alias=''
build_cpu='x86_64'
build_os='linux-gnu'
build_vendor='unknown'
datadir='${datarootdir}'
datarootdir='${prefix}/share'
docdir='${datarootdir}/doc/${PACKAGE_TARNAME}'
dvidir='${docdir}'
exec_prefix='${prefix}'
host='x86_64-unknown-linux-gnu'
host_alias=''
host_cpu='x86_64'
host_os='linux-gnu'
host_vendor='unknown'
htmldir='${docdir}'
includedir='${prefix}/include'
infodir='${datarootdir}/info'
install_sh='${SHELL} /home/herat/Downloads/tcpr/build-aux/install-sh'
libdir='${exec_prefix}/lib'
libexecdir='${exec_prefix}/libexec'
localedir='${datarootdir}/locale'
localstatedir='${prefix}/var'
mandir='${datarootdir}/man'
mkdir_p='/bin/mkdir -p'
oldincludedir='/usr/include'
pdfdir='${docdir}'
prefix='/usr/local'
program_transform_name='s,x,x,'
psdir='${docdir}'
sbindir='${exec_prefix}/sbin'
sharedstatedir='${prefix}/com'
sysconfdir='${prefix}/etc'
target_alias=''

## ----------- ##
## confdefs.h. ##
## ----------- ##

/* confdefs.h */
#define PACKAGE_NAME "TCPR"
#define PACKAGE_TARNAME "tcpr"
#define PACKAGE_VERSION "1.0"
#define PACKAGE_STRING "TCPR 1.0"
#define PACKAGE_BUGREPORT "Robert Surton <burgess@cs.cornell.edu>"
#define PACKAGE_URL ""
#define PACKAGE "tcpr"
#define VERSION "1.0"
#define STDC_HEADERS 1
#define HAVE_SYS_TYPES_H 1
#define HAVE_SYS_STAT_H 1
#define HAVE_STDLIB_H 1
#define HAVE_STRING_H 1
#define HAVE_MEMORY_H 1
#define HAVE_STRINGS_H 1
#define HAVE_INTTYPES_H 1
#define HAVE_STDINT_H 1
#define HAVE_UNISTD_H 1
#define HAVE_DLFCN_H 1
#define LT_OBJDIR ".libs/"

configure: exit 0
