--- stopped by SIGSTOP ---
--- SIGCONT {si_signo=SIGCONT, si_code=SI_USER, si_pid=11980, si_uid=0} ---
execve("./dc", ["./dc", "10.0.0.1", "3350", "1", "10.0.3.1", "3360"], [/* 22 vars */]) = 0
brk(0)                                  = 0x77c5000
access("/etc/ld.so.nohwcap", F_OK)      = -1 ENOENT (No such file or directory)
mmap(NULL, 8192, PROT_READ|PROT_WRITE, MAP_PRIVATE|MAP_ANONYMOUS, -1, 0) = 0x7fb452a3b000
access("/etc/ld.so.preload", R_OK)      = -1 ENOENT (No such file or directory)
open("/etc/ld.so.cache", O_RDONLY|O_CLOEXEC) = 5
fstat(5, {st_mode=S_IFREG|0644, st_size=72179, ...}) = 0
mmap(NULL, 72179, PROT_READ, MAP_PRIVATE, 5, 0) = 0x7fb452a29000
close(5)                                = 0
access("/etc/ld.so.nohwcap", F_OK)      = -1 ENOENT (No such file or directory)
open("/lib/x86_64-linux-gnu/libdl.so.2", O_RDONLY|O_CLOEXEC) = 5
read(5, "\177ELF\2\1\1\0\0\0\0\0\0\0\0\0\3\0>\0\1\0\0\0\340\r\0\0\0\0\0\0"..., 832) = 832
fstat(5, {st_mode=S_IFREG|0644, st_size=14768, ...}) = 0
mmap(NULL, 2109704, PROT_READ|PROT_EXEC, MAP_PRIVATE|MAP_DENYWRITE, 5, 0) = 0x7fb452617000
mprotect(0x7fb452619000, 2097152, PROT_NONE) = 0
mmap(0x7fb452819000, 8192, PROT_READ|PROT_WRITE, MAP_PRIVATE|MAP_FIXED|MAP_DENYWRITE, 5, 0x2000) = 0x7fb452819000
close(5)                                = 0
access("/etc/ld.so.nohwcap", F_OK)      = -1 ENOENT (No such file or directory)
open("/lib/x86_64-linux-gnu/libpthread.so.0", O_RDONLY|O_CLOEXEC) = 5
read(5, "\177ELF\2\1\1\0\0\0\0\0\0\0\0\0\3\0>\0\1\0\0\0\200l\0\0\0\0\0\0"..., 832) = 832
fstat(5, {st_mode=S_IFREG|0755, st_size=135366, ...}) = 0
mmap(NULL, 2212904, PROT_READ|PROT_EXEC, MAP_PRIVATE|MAP_DENYWRITE, 5, 0) = 0x7fb4523fa000
mprotect(0x7fb452412000, 2093056, PROT_NONE) = 0
mmap(0x7fb452611000, 8192, PROT_READ|PROT_WRITE, MAP_PRIVATE|MAP_FIXED|MAP_DENYWRITE, 5, 0x17000) = 0x7fb452611000
mmap(0x7fb452613000, 13352, PROT_READ|PROT_WRITE, MAP_PRIVATE|MAP_FIXED|MAP_ANONYMOUS, -1, 0) = 0x7fb452613000
close(5)                                = 0
access("/etc/ld.so.nohwcap", F_OK)      = -1 ENOENT (No such file or directory)
open("/lib/x86_64-linux-gnu/libc.so.6", O_RDONLY|O_CLOEXEC) = 5
read(5, "\177ELF\2\1\1\0\0\0\0\0\0\0\0\0\3\0>\0\1\0\0\0\200\30\2\0\0\0\0\0"..., 832) = 832
fstat(5, {st_mode=S_IFREG|0755, st_size=1811128, ...}) = 0
mmap(NULL, 4096, PROT_READ|PROT_WRITE, MAP_PRIVATE|MAP_ANONYMOUS, -1, 0) = 0x7fb452a28000
mmap(NULL, 3925208, PROT_READ|PROT_EXEC, MAP_PRIVATE|MAP_DENYWRITE, 5, 0) = 0x7fb45203b000
mprotect(0x7fb4521f0000, 2093056, PROT_NONE) = 0
mmap(0x7fb4523ef000, 24576, PROT_READ|PROT_WRITE, MAP_PRIVATE|MAP_FIXED|MAP_DENYWRITE, 5, 0x1b4000) = 0x7fb4523ef000
mmap(0x7fb4523f5000, 17624, PROT_READ|PROT_WRITE, MAP_PRIVATE|MAP_FIXED|MAP_ANONYMOUS, -1, 0) = 0x7fb4523f5000
close(5)                                = 0
mmap(NULL, 4096, PROT_READ|PROT_WRITE, MAP_PRIVATE|MAP_ANONYMOUS, -1, 0) = 0x7fb452a27000
mmap(NULL, 4096, PROT_READ|PROT_WRITE, MAP_PRIVATE|MAP_ANONYMOUS, -1, 0) = 0x7fb452a26000
mmap(NULL, 4096, PROT_READ|PROT_WRITE, MAP_PRIVATE|MAP_ANONYMOUS, -1, 0) = 0x7fb452a25000
arch_prctl(ARCH_SET_FS, 0x7fb452a26700) = 0
mprotect(0x7fb4523ef000, 16384, PROT_READ) = 0
mprotect(0x7fb452611000, 4096, PROT_READ) = 0
mprotect(0x7fb452819000, 4096, PROT_READ) = 0
mprotect(0x785000, 4096, PROT_READ)     = 0
mprotect(0x7fb452a3d000, 4096, PROT_READ) = 0
munmap(0x7fb452a29000, 72179)           = 0
set_tid_address(0x7fb452a269d0)         = 11983
set_robust_list(0x7fb452a269e0, 24)     = 0
futex(0x7fff1db8fefc, FUTEX_WAIT_BITSET_PRIVATE|FUTEX_CLOCK_REALTIME, 1, NULL, 7fb452a26700) = -1 EAGAIN (Resource temporarily unavailable)
rt_sigaction(SIGRTMIN, {0x7fb452400750, [], SA_RESTORER|SA_SIGINFO, 0x7fb452409cb0}, NULL, 8) = 0
rt_sigaction(SIGRT_1, {0x7fb4524007e0, [], SA_RESTORER|SA_RESTART|SA_SIGINFO, 0x7fb452409cb0}, NULL, 8) = 0
rt_sigprocmask(SIG_UNBLOCK, [RTMIN RT_1], NULL, 8) = 0
getrlimit(RLIMIT_STACK, {rlim_cur=8192*1024, rlim_max=RLIM64_INFINITY}) = 0
brk(0)                                  = 0x77c5000
brk(0x77e6000)                          = 0x77e6000
fstat(1, {st_mode=S_IFCHR|0620, st_rdev=makedev(136, 5), ...}) = 0
mmap(NULL, 4096, PROT_READ|PROT_WRITE, MAP_PRIVATE|MAP_ANONYMOUS, -1, 0) = 0x7fb452a3a000
write(1, "Connecting to TCPR.\n", 20)   = 20
socket(PF_INET, SOCK_DGRAM, IPPROTO_UDP) = 5
connect(5, {sa_family=AF_INET, sin_port=htons(3350), sin_addr=inet_addr("10.0.0.1")}, 16) = 0
write(1, "Waiting for existing master, if "..., 37) = 37
sendto(5, "\0\0\0\0\n\0\0\1'\20\r\26\0\0\0\0\0\0\0\0\0\0\0\0\0\0\0\0\0\0\0\0"..., 60, 0, NULL, 0) = 60
recvfrom(5, "\0\0\0\0\n\0\0\1'\20\r\26\0\0\0\0\0\0\0\0\0\0\0\0\0\0\0\0\0\0\0\0"..., 60, 0, NULL, NULL) = 60
write(1, "Creating fresh connection.\n", 27) = 27
mmap(NULL, 8392704, PROT_READ|PROT_WRITE, MAP_PRIVATE|MAP_ANONYMOUS|MAP_STACK, -1, 0) = 0x7fb45183a000
mprotect(0x7fb45183a000, 4096, PROT_NONE) = 0
clone(child_stack=0x7fb452039ff0, flags=CLONE_VM|CLONE_FS|CLONE_FILES|CLONE_SIGHAND|CLONE_THREAD|CLONE_SYSVSEM|CLONE_SETTLS|CLONE_PARENT_SETTID|CLONE_CHILD_CLEARTID, parent_tidptr=0x7fb45203a9d0, tls=0x7fb45203a700, child_tidptr=0x7fb45203a9d0) = 11984
write(1, "Connecting to data source.\n", 27) = 27
open("/dev/urandom", O_RDONLY|O_NOCTTY|O_NONBLOCK) = 8
fstat(8, {st_mode=S_IFCHR|0666, st_rdev=makedev(1, 9), ...}) = 0
poll([{fd=8, events=POLLIN}], 1, 10)    = 1 ([{fd=8, revents=POLLIN}])
read(8, "'@\25\264k\201\372\330P\322xg\266\243\10\324d!\3\21\245d\4\310\235\252\226.,\240\237E", 32) = 32
close(8)                                = 0
getuid()                                = 0
open("TrustStore.pem", O_RDONLY)        = 8
fstat(8, {st_mode=S_IFREG|0664, st_size=3107, ...}) = 0
mmap(NULL, 4096, PROT_READ|PROT_WRITE, MAP_PRIVATE|MAP_ANONYMOUS, -1, 0) = 0x7fb452a39000
read(8, "-----BEGIN CERTIFICATE-----\nMIID"..., 4096) = 3107
read(8, "", 4096)                       = 0
close(8)                                = 0
munmap(0x7fb452a39000, 4096)            = 0
socket(PF_INET, SOCK_STREAM, IPPROTO_TCP) = 8
setsockopt(8, SOL_SOCKET, SO_REUSEADDR, [1], 4) = 0
bind(8, {sa_family=AF_INET, sin_port=htons(10000), sin_addr=inet_addr("0.0.0.0")}, 16) = 0
connect(8, {sa_family=AF_INET, sin_port=htons(3350), sin_addr=inet_addr("10.0.0.1")}, 16) = 0
setsockopt(8, SOL_TCP, TCP_NODELAY, [1], 4) = 0
write(8, "\26\3\1\1<\1\0\0018\3\3Q\362\343\270\266N\17h\307M\207E\242\206\332\372s*\262<w"..., 321) = 321
read(8, "\26\3\3\0:\2\0", 7)            = 7
read(8, "\0006\3\3Q\362\343\270\262W\4m\5M=\367\2\\\373\333j\340\257\300\341\376\370\r\35\375\344\207"..., 56) = 56
read(8, "\26\3\3\3\355", 5)             = 5
read(8, "\v\0\3\351\0\3\346\0\3\3430\202\3\3370\202\2\307\240\3\2\1\2\2\t\0\333@\351\244\223+"..., 1005) = 1005
open("/etc/localtime", O_RDONLY|O_CLOEXEC) = 9
fstat(9, {st_mode=S_IFREG|0644, st_size=3519, ...}) = 0
fstat(9, {st_mode=S_IFREG|0644, st_size=3519, ...}) = 0
mmap(NULL, 4096, PROT_READ|PROT_WRITE, MAP_PRIVATE|MAP_ANONYMOUS, -1, 0) = 0x7fb452a39000
read(9, "TZif2\0\0\0\0\0\0\0\0\0\0\0\0\0\0\0\0\0\0\4\0\0\0\4\0\0\0\0"..., 4096) = 3519
lseek(9, -2252, SEEK_CUR)               = 1267
read(9, "TZif2\0\0\0\0\0\0\0\0\0\0\0\0\0\0\0\0\0\0\5\0\0\0\5\0\0\0\0"..., 4096) = 2252
close(9)                                = 0
munmap(0x7fb452a39000, 4096)            = 0
read(8, "\26\3\3\0\4", 5)               = 5
read(8, "\16\0\0\0", 4)                 = 4
write(8, "\26\3\3\1\6\20\0\1\2\1\0\251\2770\202\221\257\347\305=b{\242@rr\341\252\212\260\17\272"..., 318) = 318
read(8, 0x7d096b, 5)                    = ? ERESTARTSYS (To be restarted if SA_RESTART is set)
--- SIGINT {si_signo=SIGINT, si_code=SI_KERNEL} ---
+++ killed by SIGINT +++
